#
# There is insufficient memory for the Java Runtime Environment to continue.
# Native memory allocation (malloc) failed to allocate 930896 bytes for Chunk::new
# Possible reasons:
#   The system is out of physical RAM or swap space
#   The process is running with CompressedOops enabled, and the Java Heap may be blocking the growth of the native heap
# Possible solutions:
#   Reduce memory load on the system
#   Increase physical memory or swap space
#   Check if swap backing store is full
#   Decrease Java heap size (-Xmx/-Xms)
#   Decrease number of Java threads
#   Decrease Java thread stack sizes (-Xss)
#   Set larger code cache with -XX:ReservedCodeCacheSize=
#   JVM is running with Unscaled Compressed Oops mode in which the Java heap is
#     placed in the first 4GB address space. The Java Heap base address is the
#     maximum limit for the native heap growth. Please use -XX:HeapBaseMinAddress
#     to set the Java Heap base and to place the Java Heap above 4GB virtual address.
# This output file may be truncated or incomplete.
#
#  Out of Memory Error (allocation.cpp:389), pid=19032, tid=0x00000000000042dc
#
# JRE version: Java(TM) SE Runtime Environment (8.0_211-b12) (build 1.8.0_211-b12)
# Java VM: Java HotSpot(TM) 64-Bit Server VM (25.211-b12 mixed mode windows-amd64 compressed oops)
# Failed to write core dump. Minidumps are not enabled by default on client versions of Windows
#

---------------  T H R E A D  ---------------

Current thread (0x000000001724f800):  JavaThread "C2 CompilerThread1" daemon [_thread_in_native, id=17116, stack(0x0000000017c40000,0x0000000017d40000)]

Stack: [0x0000000017c40000,0x0000000017d40000]
[error occurred during error reporting (printing stack bounds), id 0xc0000005]

Native frames: (J=compiled Java code, j=interpreted, Vv=VM code, C=native code)


Current CompileTask:
C2:  23941 5866       4       org.springframework.boot.context.properties.source.SpringConfigurationPropertySources$SourcesIterator::fetchNext (138 bytes)


---------------  P R O C E S S  ---------------

Java Threads: ( => current thread )
  0x000000001dc49000 JavaThread "container-0" [_thread_blocked, id=19496, stack(0x0000000021710000,0x0000000021810000)]
  0x000000001dc48800 JavaThread "Catalina-utility-2" [_thread_blocked, id=3248, stack(0x0000000021510000,0x0000000021610000)]
  0x000000001dde2000 JavaThread "Catalina-utility-1" [_thread_blocked, id=9808, stack(0x0000000020410000,0x0000000020510000)]
  0x00000000188e5800 JavaThread "HikariPool-1 housekeeper" daemon [_thread_blocked, id=17800, stack(0x000000001e930000,0x000000001ea30000)]
  0x00000000185da800 JavaThread "mysql-cj-abandoned-connection-cleanup" daemon [_thread_blocked, id=11164, stack(0x000000001a2c0000,0x000000001a3c0000)]
  0x00000000188bf000 JavaThread "RMI TCP Accept-0" daemon [_thread_in_native, id=18792, stack(0x0000000018d80000,0x0000000018e80000)]
  0x00000000188cf000 JavaThread "RMI TCP Accept-64708" daemon [_thread_in_native, id=16812, stack(0x0000000018c80000,0x0000000018d80000)]
  0x000000001886f000 JavaThread "RMI TCP Accept-0" daemon [_thread_in_native, id=18364, stack(0x0000000018b80000,0x0000000018c80000)]
  0x00000000172f3800 JavaThread "Service Thread" daemon [_thread_blocked, id=2572, stack(0x0000000017f40000,0x0000000018040000)]
  0x000000001729c800 JavaThread "C1 CompilerThread3" daemon [_thread_blocked, id=10692, stack(0x0000000017e40000,0x0000000017f40000)]
  0x000000001726a000 JavaThread "C2 CompilerThread2" daemon [_thread_blocked, id=1856, stack(0x0000000017d40000,0x0000000017e40000)]
=>0x000000001724f800 JavaThread "C2 CompilerThread1" daemon [_thread_in_native, id=17116, stack(0x0000000017c40000,0x0000000017d40000)]
  0x000000001724b000 JavaThread "C2 CompilerThread0" daemon [_thread_in_native, id=652, stack(0x0000000017b40000,0x0000000017c40000)]
  0x0000000017248800 JavaThread "Attach Listener" daemon [_thread_blocked, id=20128, stack(0x0000000017a40000,0x0000000017b40000)]
  0x0000000017247800 JavaThread "Signal Dispatcher" daemon [_thread_blocked, id=20296, stack(0x0000000017940000,0x0000000017a40000)]
  0x0000000002a1d000 JavaThread "Finalizer" daemon [_thread_blocked, id=16144, stack(0x0000000017710000,0x0000000017810000)]
  0x0000000017230800 JavaThread "Reference Handler" daemon [_thread_blocked, id=13564, stack(0x0000000017610000,0x0000000017710000)]
  0x0000000002927000 JavaThread "main" [_thread_in_native, id=19316, stack(0x0000000002820000,0x0000000002920000)]

Other Threads:
  0x0000000015409800 VMThread [stack: 0x0000000017110000,0x0000000017210000] [id=9064]
  0x00000000188d3000 WatcherThread [stack: 0x0000000018ff0000,0x00000000190f0000] [id=1756]

VM state:not at safepoint (normal execution)

VM Mutex/Monitor currently owned by a thread: None

heap address: 0x00000000c2000000, size: 992 MB, Compressed Oops mode: 32-bit
Narrow klass base: 0x0000000000000000, Narrow klass shift: 3
Compressed class space size: 1073741824 Address: 0x0000000100000000

Heap:
 PSYoungGen      total 151040K, used 142618K [0x00000000eb580000, 0x00000000f8500000, 0x0000000100000000)
  eden space 141824K, 94% used [0x00000000eb580000,0x00000000f38822b8,0x00000000f4000000)
  from space 9216K, 91% used [0x00000000f4000000,0x00000000f4844550,0x00000000f4900000)
  to   space 15872K, 0% used [0x00000000f7580000,0x00000000f7580000,0x00000000f8500000)
 ParOldGen       total 48128K, used 29877K [0x00000000c2000000, 0x00000000c4f00000, 0x00000000eb580000)
  object space 48128K, 62% used [0x00000000c2000000,0x00000000c3d2d4a0,0x00000000c4f00000)
 Metaspace       used 64786K, capacity 67648K, committed 67736K, reserved 1107968K
  class space    used 8871K, capacity 9338K, committed 9384K, reserved 1048576K

Card table byte_map: [0x0000000011de0000,0x0000000011fe0000] byte_map_base: 0x00000000117d0000

Marking Bits: (ParMarkBitMap*) 0x000000006cfb5ce0
 Begin Bits: [0x0000000012930000, 0x00000000138b0000)
 End Bits:   [0x00000000138b0000, 0x0000000014830000)

Polling page: 0x00000000005f0000

CodeCache: size=245760Kb used=20870Kb max_used=20875Kb free=224889Kb
 bounds [0x0000000002a20000, 0x0000000003ea0000, 0x0000000011a20000]
 total_blobs=6074 nmethods=5515 adapters=470
 compilation: enabled

Compilation events (10 events):
Event: 23.917 Thread 0x000000001726a000 nmethod 6061 0x0000000003e73e90 code [0x0000000003e73fe0, 0x0000000003e740d8]
Event: 23.920 Thread 0x000000001726a000 6132       4       java.lang.reflect.Constructor::copy (72 bytes)
Event: 23.922 Thread 0x000000001729c800 nmethod 6131 0x0000000003e87490 code [0x0000000003e87f20, 0x0000000003e8f958]
Event: 23.923 Thread 0x000000001726a000 nmethod 6132 0x0000000003e85890 code [0x0000000003e859e0, 0x0000000003e85b58]
Event: 23.928 Thread 0x000000001729c800 6133       3       sun.reflect.ClassFileAssembler::decStack (11 bytes)
Event: 23.928 Thread 0x000000001729c800 nmethod 6133 0x0000000003e76850 code [0x0000000003e769a0, 0x0000000003e76af0]
Event: 23.932 Thread 0x000000001729c800 6135       3       sun.reflect.Label::bind (74 bytes)
Event: 23.932 Thread 0x000000001729c800 nmethod 6135 0x0000000003e75b90 code [0x0000000003e75d60, 0x0000000003e764d8]
Event: 23.932 Thread 0x000000001729c800 6134       3       sun.reflect.Label::<init> (16 bytes)
Event: 23.933 Thread 0x000000001729c800 nmethod 6134 0x0000000003e85190 code [0x0000000003e85320, 0x0000000003e856d0]

GC Heap History (10 events):
Event: 10.747 GC heap before
{Heap before GC invocations=12 (full 2):
 PSYoungGen      total 151552K, used 5252K [0x00000000eb580000, 0x00000000f5380000, 0x0000000100000000)
  eden space 141824K, 0% used [0x00000000eb580000,0x00000000eb580000,0x00000000f4000000)
  from space 9728K, 53% used [0x00000000f4900000,0x00000000f4e212d0,0x00000000f5280000)
  to   space 9216K, 0% used [0x00000000f4000000,0x00000000f4000000,0x00000000f4900000)
 ParOldGen       total 31744K, used 15448K [0x00000000c2000000, 0x00000000c3f00000, 0x00000000eb580000)
  object space 31744K, 48% used [0x00000000c2000000,0x00000000c2f16210,0x00000000c3f00000)
 Metaspace       used 33655K, capacity 35400K, committed 35496K, reserved 1079296K
  class space    used 4429K, capacity 4742K, committed 4776K, reserved 1048576K
Event: 10.822 GC heap after
Heap after GC invocations=12 (full 2):
 PSYoungGen      total 151552K, used 0K [0x00000000eb580000, 0x00000000f5380000, 0x0000000100000000)
  eden space 141824K, 0% used [0x00000000eb580000,0x00000000eb580000,0x00000000f4000000)
  from space 9728K, 0% used [0x00000000f4900000,0x00000000f4900000,0x00000000f5280000)
  to   space 9216K, 0% used [0x00000000f4000000,0x00000000f4000000,0x00000000f4900000)
 ParOldGen       total 48128K, used 13708K [0x00000000c2000000, 0x00000000c4f00000, 0x00000000eb580000)
  object space 48128K, 28% used [0x00000000c2000000,0x00000000c2d632f0,0x00000000c4f00000)
 Metaspace       used 33655K, capacity 35400K, committed 35496K, reserved 1079296K
  class space    used 4429K, capacity 4742K, committed 4776K, reserved 1048576K
}
Event: 16.538 GC heap before
{Heap before GC invocations=13 (full 2):
 PSYoungGen      total 151552K, used 141824K [0x00000000eb580000, 0x00000000f5380000, 0x0000000100000000)
  eden space 141824K, 100% used [0x00000000eb580000,0x00000000f4000000,0x00000000f4000000)
  from space 9728K, 0% used [0x00000000f4900000,0x00000000f4900000,0x00000000f5280000)
  to   space 9216K, 0% used [0x00000000f4000000,0x00000000f4000000,0x00000000f4900000)
 ParOldGen       total 48128K, used 13708K [0x00000000c2000000, 0x00000000c4f00000, 0x00000000eb580000)
  object space 48128K, 28% used [0x00000000c2000000,0x00000000c2d632f0,0x00000000c4f00000)
 Metaspace       used 43988K, capacity 46044K, committed 46248K, reserved 1089536K
  class space    used 5910K, capacity 6274K, committed 6312K, reserved 1048576K
Event: 16.550 GC heap after
Heap after GC invocations=13 (full 2):
 PSYoungGen      total 151040K, used 9195K [0x00000000eb580000, 0x00000000f5380000, 0x0000000100000000)
  eden space 141824K, 0% used [0x00000000eb580000,0x00000000eb580000,0x00000000f4000000)
  from space 9216K, 99% used [0x00000000f4000000,0x00000000f48fafa0,0x00000000f4900000)
  to   space 9728K, 0% used [0x00000000f4900000,0x00000000f4900000,0x00000000f5280000)
 ParOldGen       total 48128K, used 18333K [0x00000000c2000000, 0x00000000c4f00000, 0x00000000eb580000)
  object space 48128K, 38% used [0x00000000c2000000,0x00000000c31e77c0,0x00000000c4f00000)
 Metaspace       used 43988K, capacity 46044K, committed 46248K, reserved 1089536K
  class space    used 5910K, capacity 6274K, committed 6312K, reserved 1048576K
}
Event: 19.207 GC heap before
{Heap before GC invocations=14 (full 2):
 PSYoungGen      total 151040K, used 147004K [0x00000000eb580000, 0x00000000f5380000, 0x0000000100000000)
  eden space 141824K, 97% used [0x00000000eb580000,0x00000000f3c14168,0x00000000f4000000)
  from space 9216K, 99% used [0x00000000f4000000,0x00000000f48fafa0,0x00000000f4900000)
  to   space 9728K, 0% used [0x00000000f4900000,0x00000000f4900000,0x00000000f5280000)
 ParOldGen       total 48128K, used 18333K [0x00000000c2000000, 0x00000000c4f00000, 0x00000000eb580000)
  object space 48128K, 38% used [0x00000000c2000000,0x00000000c31e77c0,0x00000000c4f00000)
 Metaspace       used 56372K, capacity 59094K, committed 59160K, reserved 1099776K
  class space    used 7760K, capacity 8227K, committed 8232K, reserved 1048576K
Event: 19.224 GC heap after
Heap after GC invocations=14 (full 2):
 PSYoungGen      total 151552K, used 9727K [0x00000000eb580000, 0x00000000f5380000, 0x0000000100000000)
  eden space 141824K, 0% used [0x00000000eb580000,0x00000000eb580000,0x00000000f4000000)
  from space 9728K, 99% used [0x00000000f4900000,0x00000000f527fe20,0x00000000f5280000)
  to   space 9216K, 0% used [0x00000000f4000000,0x00000000f4000000,0x00000000f4900000)
 ParOldGen       total 48128K, used 28010K [0x00000000c2000000, 0x00000000c4f00000, 0x00000000eb580000)
  object space 48128K, 58% used [0x00000000c2000000,0x00000000c3b5aac8,0x00000000c4f00000)
 Metaspace       used 56372K, capacity 59094K, committed 59160K, reserved 1099776K
  class space    used 7760K, capacity 8227K, committed 8232K, reserved 1048576K
}
Event: 19.224 GC heap before
{Heap before GC invocations=15 (full 3):
 PSYoungGen      total 151552K, used 9727K [0x00000000eb580000, 0x00000000f5380000, 0x0000000100000000)
  eden space 141824K, 0% used [0x00000000eb580000,0x00000000eb580000,0x00000000f4000000)
  from space 9728K, 99% used [0x00000000f4900000,0x00000000f527fe20,0x00000000f5280000)
  to   space 9216K, 0% used [0x00000000f4000000,0x00000000f4000000,0x00000000f4900000)
 ParOldGen       total 48128K, used 28010K [0x00000000c2000000, 0x00000000c4f00000, 0x00000000eb580000)
  object space 48128K, 58% used [0x00000000c2000000,0x00000000c3b5aac8,0x00000000c4f00000)
 Metaspace       used 56372K, capacity 59094K, committed 59160K, reserved 1099776K
  class space    used 7760K, capacity 8227K, committed 8232K, reserved 1048576K
Event: 19.361 GC heap after
Heap after GC invocations=15 (full 3):
 PSYoungGen      total 151552K, used 0K [0x00000000eb580000, 0x00000000f5380000, 0x0000000100000000)
  eden space 141824K, 0% used [0x00000000eb580000,0x00000000eb580000,0x00000000f4000000)
  from space 9728K, 0% used [0x00000000f4900000,0x00000000f4900000,0x00000000f5280000)
  to   space 9216K, 0% used [0x00000000f4000000,0x00000000f4000000,0x00000000f4900000)
 ParOldGen       total 48128K, used 29869K [0x00000000c2000000, 0x00000000c4f00000, 0x00000000eb580000)
  object space 48128K, 62% used [0x00000000c2000000,0x00000000c3d2b4a0,0x00000000c4f00000)
 Metaspace       used 56372K, capacity 59094K, committed 59160K, reserved 1099776K
  class space    used 7760K, capacity 8227K, committed 8232K, reserved 1048576K
}
Event: 22.103 GC heap before
{Heap before GC invocations=16 (full 3):
 PSYoungGen      total 151552K, used 141824K [0x00000000eb580000, 0x00000000f5380000, 0x0000000100000000)
  eden space 141824K, 100% used [0x00000000eb580000,0x00000000f4000000,0x00000000f4000000)
  from space 9728K, 0% used [0x00000000f4900000,0x00000000f4900000,0x00000000f5280000)
  to   space 9216K, 0% used [0x00000000f4000000,0x00000000f4000000,0x00000000f4900000)
 ParOldGen       total 48128K, used 29869K [0x00000000c2000000, 0x00000000c4f00000, 0x00000000eb580000)
  object space 48128K, 62% used [0x00000000c2000000,0x00000000c3d2b4a0,0x00000000c4f00000)
 Metaspace       used 58650K, capacity 61440K, committed 61592K, reserved 1101824K
  class space    used 8062K, capacity 8526K, committed 8616K, reserved 1048576K
Event: 22.110 GC heap after
Heap after GC invocations=16 (full 3):
 PSYoungGen      total 151040K, used 8465K [0x00000000eb580000, 0x00000000f8500000, 0x0000000100000000)
  eden space 141824K, 0% used [0x00000000eb580000,0x00000000eb580000,0x00000000f4000000)
  from space 9216K, 91% used [0x00000000f4000000,0x00000000f4844550,0x00000000f4900000)
  to   space 15872K, 0% used [0x00000000f7580000,0x00000000f7580000,0x00000000f8500000)
 ParOldGen       total 48128K, used 29877K [0x00000000c2000000, 0x00000000c4f00000, 0x00000000eb580000)
  object space 48128K, 62% used [0x00000000c2000000,0x00000000c3d2d4a0,0x00000000c4f00000)
 Metaspace       used 58650K, capacity 61440K, committed 61592K, reserved 1101824K
  class space    used 8062K, capacity 8526K, committed 8616K, reserved 1048576K
}

Deoptimization events (10 events):
Event: 23.444 Thread 0x0000000002927000 Uncommon trap: reason=unstable_if action=reinterpret pc=0x0000000003d5c708 method=org.ocpsoft.rewrite.annotation.scan.ByteCodeFilter.containsFieldDescriptor(Ljava/lang/String;)Z @ 34
Event: 23.560 Thread 0x0000000002927000 Uncommon trap: reason=class_check action=maybe_recompile pc=0x000000000376d528 method=java.lang.reflect.Executable.getAnnotation(Ljava/lang/Class;)Ljava/lang/annotation/Annotation; @ 19
Event: 23.600 Thread 0x0000000002927000 Uncommon trap: reason=class_check action=maybe_recompile pc=0x000000000376d528 method=java.lang.reflect.Executable.getAnnotation(Ljava/lang/Class;)Ljava/lang/annotation/Annotation; @ 19
Event: 23.644 Thread 0x0000000002927000 Uncommon trap: reason=unstable_if action=reinterpret pc=0x0000000002f1c41c method=java.util.HashMap.resize()[Ljava/util/HashMap$Node; @ 206
Event: 23.661 Thread 0x0000000002927000 Uncommon trap: reason=class_check action=maybe_recompile pc=0x0000000003a0118c method=org.springframework.core.annotation.AnnotationUtils.findAnnotation(Ljava/lang/reflect/Method;Ljava/lang/Class;)Ljava/lang/annotation/Annotation; @ 47
Event: 23.745 Thread 0x0000000002927000 Uncommon trap: reason=class_check action=maybe_recompile pc=0x0000000003dc6674 method=org.springframework.core.annotation.AnnotationUtils.findAnnotation(Ljava/lang/reflect/Method;Ljava/lang/Class;)Ljava/lang/annotation/Annotation; @ 47
Event: 23.745 Thread 0x0000000002927000 Uncommon trap: reason=class_check action=maybe_recompile pc=0x0000000003dc6674 method=org.springframework.core.annotation.AnnotationUtils.findAnnotation(Ljava/lang/reflect/Method;Ljava/lang/Class;)Ljava/lang/annotation/Annotation; @ 47
Event: 23.754 Thread 0x0000000002927000 Uncommon trap: reason=class_check action=maybe_recompile pc=0x000000000376d528 method=java.lang.reflect.Executable.getAnnotation(Ljava/lang/Class;)Ljava/lang/annotation/Annotation; @ 19
Event: 23.871 Thread 0x0000000002927000 Uncommon trap: reason=class_check action=maybe_recompile pc=0x00000000032d87ac method=org.springframework.core.ResolvableType.calculateHashCode()I @ 23
Event: 23.901 Thread 0x0000000002927000 Uncommon trap: reason=class_check action=maybe_recompile pc=0x0000000003d8af74 method=org.springframework.core.annotation.AnnotationUtils.findAnnotation(Ljava/lang/Class;Ljava/lang/Class;)Ljava/lang/annotation/Annotation; @ 47

Classes redefined (0 events):
No events

Internal exceptions (10 events):
Event: 23.840 Thread 0x0000000002927000 Exception <a 'java/security/PrivilegedActionException'> (0x00000000f3026cd0) thrown at [C:\re\workspace\8-2-build-windows-amd64-cygwin\jdk8u211\12973\hotspot\src\share\vm\prims\jvm.cpp, line 1502]
Event: 23.840 Thread 0x0000000002927000 Exception <a 'java/security/PrivilegedActionException'> (0x00000000f30272b0) thrown at [C:\re\workspace\8-2-build-windows-amd64-cygwin\jdk8u211\12973\hotspot\src\share\vm\prims\jvm.cpp, line 1502]
Event: 23.841 Thread 0x0000000002927000 Exception <a 'java/security/PrivilegedActionException'> (0x00000000f302fa30) thrown at [C:\re\workspace\8-2-build-windows-amd64-cygwin\jdk8u211\12973\hotspot\src\share\vm\prims\jvm.cpp, line 1502]
Event: 23.841 Thread 0x0000000002927000 Exception <a 'java/security/PrivilegedActionException'> (0x00000000f3030010) thrown at [C:\re\workspace\8-2-build-windows-amd64-cygwin\jdk8u211\12973\hotspot\src\share\vm\prims\jvm.cpp, line 1502]
Event: 23.867 Thread 0x0000000002927000 Exception <a 'java/lang/ClassNotFoundException': java/lang/ObjectCustomizer> (0x00000000f3262718) thrown at [C:\re\workspace\8-2-build-windows-amd64-cygwin\jdk8u211\12973\hotspot\src\share\vm\classfile\systemDictionary.cpp, line 210]
Event: 23.867 Thread 0x0000000002927000 Exception <a 'java/lang/ClassNotFoundException': org/springframework/security/config/annotation/web/configuration/WebSecurityConfigurationCustomizer> (0x00000000f3289ee8) thrown at [C:\re\workspace\8-2-build-windows-amd64-cygwin\jdk8u211\12973\hotspot\src
Event: 23.869 Thread 0x0000000002927000 Exception <a 'java/lang/ClassNotFoundException': org/springframework/context/annotation/ImportAwareCustomizer> (0x00000000f32b19a0) thrown at [C:\re\workspace\8-2-build-windows-amd64-cygwin\jdk8u211\12973\hotspot\src\share\vm\classfile\systemDictionary.cp
Event: 23.869 Thread 0x0000000002927000 Exception <a 'java/lang/ClassNotFoundException': org/springframework/beans/factory/AwareCustomizer> (0x00000000f32c8158) thrown at [C:\re\workspace\8-2-build-windows-amd64-cygwin\jdk8u211\12973\hotspot\src\share\vm\classfile\systemDictionary.cpp, line 210
Event: 23.870 Thread 0x0000000002927000 Exception <a 'java/lang/ClassNotFoundException': org/springframework/beans/factory/BeanClassLoaderAwareCustomizer> (0x00000000f32e1e30) thrown at [C:\re\workspace\8-2-build-windows-amd64-cygwin\jdk8u211\12973\hotspot\src\share\vm\classfile\systemDictionar
Event: 23.871 Thread 0x0000000002927000 Exception <a 'java/lang/ClassNotFoundException': org/springframework/beans/factory/AwareCustomizer> (0x00000000f32f85c8) thrown at [C:\re\workspace\8-2-build-windows-amd64-cygwin\jdk8u211\12973\hotspot\src\share\vm\classfile\systemDictionary.cpp, line 210

Events (10 events):
Event: 23.931 loading class org/springframework/security/core/userdetails/UserDetailsPasswordService
Event: 23.931 loading class org/springframework/security/core/userdetails/UserDetailsPasswordService done
Event: 23.932 loading class org/springframework/security/authentication/UsernamePasswordAuthenticationToken
Event: 23.932 loading class org/springframework/security/authentication/UsernamePasswordAuthenticationToken done
Event: 23.934 loading class org/springframework/security/authentication/ProviderManager$NullEventPublisher
Event: 23.934 loading class org/springframework/security/authentication/ProviderManager$NullEventPublisher done
Event: 23.936 loading class org/springframework/security/config/annotation/web/configuration/WebSecurityConfigurerAdapter$UserDetailsServiceDelegator
Event: 23.936 loading class org/springframework/security/config/annotation/web/configuration/WebSecurityConfigurerAdapter$UserDetailsServiceDelegator done
Event: 23.938 loading class org/springframework/security/config/annotation/web/configurers/AnonymousConfigurer
Event: 23.938 loading class org/springframework/security/config/annotation/web/configurers/AnonymousConfigurer done


Dynamic libraries:
0x00007ff69b300000 - 0x00007ff69b337000 	C:\Program Files\Java\jdk1.8.0_211\bin\javaw.exe
0x00007ff9b7d20000 - 0x00007ff9b7f10000 	C:\WINDOWS\SYSTEM32\ntdll.dll
0x00007ff9b6bd0000 - 0x00007ff9b6c82000 	C:\WINDOWS\System32\KERNEL32.DLL
0x00007ff9b4ce0000 - 0x00007ff9b4f84000 	C:\WINDOWS\System32\KERNELBASE.dll
0x00007ff9b6dc0000 - 0x00007ff9b6e63000 	C:\WINDOWS\System32\ADVAPI32.dll
0x00007ff9b6d20000 - 0x00007ff9b6dbe000 	C:\WINDOWS\System32\msvcrt.dll
0x00007ff9b6b30000 - 0x00007ff9b6bc7000 	C:\WINDOWS\System32\sechost.dll
0x00007ff9b62e0000 - 0x00007ff9b6400000 	C:\WINDOWS\System32\RPCRT4.dll
0x00007ff9b78f0000 - 0x00007ff9b7a84000 	C:\WINDOWS\System32\USER32.dll
0x00007ff9b4cb0000 - 0x00007ff9b4cd1000 	C:\WINDOWS\System32\win32u.dll
0x00007ff9b5dd0000 - 0x00007ff9b5df6000 	C:\WINDOWS\System32\GDI32.dll
0x00007ff9b5930000 - 0x00007ff9b5ac4000 	C:\WINDOWS\System32\gdi32full.dll
0x00007ff9b5890000 - 0x00007ff9b592e000 	C:\WINDOWS\System32\msvcp_win.dll
0x00007ff9b5cd0000 - 0x00007ff9b5dca000 	C:\WINDOWS\System32\ucrtbase.dll
0x00007ff998dd0000 - 0x00007ff999054000 	C:\WINDOWS\WinSxS\amd64_microsoft.windows.common-controls_6595b64144ccf1df_6.0.18362.836_none_e6c4b943130f18ed\COMCTL32.dll
0x00007ff9b6400000 - 0x00007ff9b6736000 	C:\WINDOWS\System32\combase.dll
0x00007ff9b5710000 - 0x00007ff9b5790000 	C:\WINDOWS\System32\bcryptPrimitives.dll
0x00007ff9b7a90000 - 0x00007ff9b7abe000 	C:\WINDOWS\System32\IMM32.DLL
0x000000006e680000 - 0x000000006e752000 	C:\Program Files\Java\jdk1.8.0_211\jre\bin\msvcr100.dll
0x000000006c790000 - 0x000000006d035000 	C:\Program Files\Java\jdk1.8.0_211\jre\bin\server\jvm.dll
0x00007ff9b78e0000 - 0x00007ff9b78e8000 	C:\WINDOWS\System32\PSAPI.DLL
0x00007ff9b1420000 - 0x00007ff9b1444000 	C:\WINDOWS\SYSTEM32\WINMM.dll
0x00007ff9a5680000 - 0x00007ff9a5689000 	C:\WINDOWS\SYSTEM32\WSOCK32.dll
0x00007ff9b7ae0000 - 0x00007ff9b7b4f000 	C:\WINDOWS\System32\WS2_32.dll
0x00007ff9a91a0000 - 0x00007ff9a91aa000 	C:\WINDOWS\SYSTEM32\VERSION.dll
0x00007ff9b13f0000 - 0x00007ff9b141d000 	C:\WINDOWS\SYSTEM32\WINMMBASE.dll
0x00007ff9b5840000 - 0x00007ff9b588a000 	C:\WINDOWS\System32\cfgmgr32.dll
0x00007ff9afed0000 - 0x00007ff9afedf000 	C:\Program Files\Java\jdk1.8.0_211\jre\bin\verify.dll
0x00007ff9a5590000 - 0x00007ff9a55b9000 	C:\Program Files\Java\jdk1.8.0_211\jre\bin\java.dll
0x00007ff9ae3f0000 - 0x00007ff9ae406000 	C:\Program Files\Java\jdk1.8.0_211\jre\bin\zip.dll
0x00007ff9b70b0000 - 0x00007ff9b7794000 	C:\WINDOWS\System32\SHELL32.dll
0x00007ff9b6e70000 - 0x00007ff9b6f19000 	C:\WINDOWS\System32\shcore.dll
0x00007ff9b4f90000 - 0x00007ff9b570e000 	C:\WINDOWS\System32\windows.storage.dll
0x00007ff9b4c80000 - 0x00007ff9b4ca3000 	C:\WINDOWS\System32\profapi.dll
0x00007ff9b4bf0000 - 0x00007ff9b4c3a000 	C:\WINDOWS\System32\powrprof.dll
0x00007ff9b4be0000 - 0x00007ff9b4bf0000 	C:\WINDOWS\System32\UMPDC.dll
0x00007ff9b68a0000 - 0x00007ff9b68f2000 	C:\WINDOWS\System32\shlwapi.dll
0x00007ff9b4c60000 - 0x00007ff9b4c71000 	C:\WINDOWS\System32\kernel.appcore.dll
0x00007ff9b5c50000 - 0x00007ff9b5c67000 	C:\WINDOWS\System32\cryptsp.dll
0x00007ff9addf0000 - 0x00007ff9addfd000 	C:\Program Files\Java\jdk1.8.0_211\jre\bin\management.dll
0x00007ff9add20000 - 0x00007ff9add3a000 	C:\Program Files\Java\jdk1.8.0_211\jre\bin\net.dll
0x00007ff9a62b0000 - 0x00007ff9a6486000 	C:\WINDOWS\SYSTEM32\urlmon.dll
0x00007ff9a6000000 - 0x00007ff9a62a6000 	C:\WINDOWS\SYSTEM32\iertutil.dll
0x00007ff9b4620000 - 0x00007ff9b462c000 	C:\WINDOWS\SYSTEM32\CRYPTBASE.DLL
0x00007ff9b4440000 - 0x00007ff9b44a7000 	C:\WINDOWS\system32\mswsock.dll
0x00007ff9a4ae0000 - 0x00007ff9a4af2000 	C:\Program Files\Java\jdk1.8.0_211\jre\bin\nio.dll
0x00007ff9a2390000 - 0x00007ff9a23a6000 	C:\WINDOWS\system32\napinsp.dll
0x00007ff9a1810000 - 0x00007ff9a182a000 	C:\WINDOWS\system32\pnrpnsp.dll
0x00007ff9a17f0000 - 0x00007ff9a1805000 	C:\WINDOWS\system32\wshbth.dll
0x00007ff9b0ff0000 - 0x00007ff9b100c000 	C:\WINDOWS\system32\NLAapi.dll
0x00007ff9b4160000 - 0x00007ff9b419a000 	C:\WINDOWS\SYSTEM32\IPHLPAPI.DLL
0x00007ff9b41a0000 - 0x00007ff9b426b000 	C:\WINDOWS\SYSTEM32\DNSAPI.dll
0x00007ff9b6ff0000 - 0x00007ff9b6ff8000 	C:\WINDOWS\System32\NSI.dll
0x00007ff9a2380000 - 0x00007ff9a238e000 	C:\WINDOWS\System32\winrnr.dll
0x00007ff9ae5a0000 - 0x00007ff9ae5aa000 	C:\Windows\System32\rasadhlp.dll
0x00007ff9a94a0000 - 0x00007ff9a9517000 	C:\WINDOWS\System32\fwpuclnt.dll
0x00007ff9b5c20000 - 0x00007ff9b5c46000 	C:\WINDOWS\System32\bcrypt.dll
0x00007ff9b3fc0000 - 0x00007ff9b3ff3000 	C:\WINDOWS\system32\rsaenh.dll
0x00007ff9b4b00000 - 0x00007ff9b4b25000 	C:\WINDOWS\SYSTEM32\USERENV.dll
0x00007ff9ac950000 - 0x00007ff9ac966000 	C:\WINDOWS\SYSTEM32\dhcpcsvc6.DLL
0x00007ff9ac930000 - 0x00007ff9ac94c000 	C:\WINDOWS\SYSTEM32\dhcpcsvc.DLL
0x00007ff9a3f60000 - 0x00007ff9a3f84000 	C:\Program Files\Java\jdk1.8.0_211\jre\bin\sunec.dll

VM Arguments:
jvm_args: -Dcom.sun.management.jmxremote -Dcom.sun.management.jmxremote.port=64708 -Dcom.sun.management.jmxremote.authenticate=false -Dcom.sun.management.jmxremote.ssl=false -Djava.rmi.server.hostname=localhost -Dspring.liveBeansView.mbeanDomain -Dspring.application.admin.enabled=true -Dfile.encoding=UTF-8 
java_command: tn.esprit.spring.SpringPdevKindergartenApplication --spring.output.ansi.enabled=always
java_class_path (initial): C:\Users\mayss\Documents\workspace-sts-3.8.4.RELEASE\spring-pdev-Kindergarten\src\main\webapp\WEB-INF\classes;C:\Users\mayss\.m2\repository\org\apache\myfaces\core\myfaces-impl\2.2.12\myfaces-impl-2.2.12.jar;C:\Users\mayss\.m2\repository\commons-collections\commons-collections\3.2.2\commons-collections-3.2.2.jar;C:\Users\mayss\.m2\repository\commons-beanutils\commons-beanutils\1.9.2\commons-beanutils-1.9.2.jar;C:\Users\mayss\.m2\repository\commons-logging\commons-logging\1.1.1\commons-logging-1.1.1.jar;C:\Users\mayss\.m2\repository\commons-digester\commons-digester\1.8\commons-digester-1.8.jar;C:\Users\mayss\.m2\repository\org\apache\myfaces\core\myfaces-api\2.2.12\myfaces-api-2.2.12.jar;C:\Users\mayss\.m2\repository\org\apache\geronimo\specs\geronimo-atinject_1.0_spec\1.0\geronimo-atinject_1.0_spec-1.0.jar;C:\Users\mayss\.m2\repository\org\apache\tomcat\embed\tomcat-embed-jasper\9.0.27\tomcat-embed-jasper-9.0.27.jar;C:\Users\mayss\.m2\repository\org\apache\tomcat\embed\tomcat-embed-core\9.0.27\tomcat-embed-core-9.0.27.jar;C:\Users\mayss\.m2\repository\org\apache\tomcat\tomcat-annotations-api\9.0.27\tomcat-annotations-api-9.0.27.jar;C:\Users\mayss\.m2\repository\org\apache\tomcat\embed\tomcat-embed-el\9.0.27\tomcat-embed-el-9.0.27.jar;C:\Users\mayss\.m2\repository\org\eclipse\jdt\ecj\3.18.0\ecj-3.18.0.jar;C:\Users\mayss\.m2\repository\org\ocpsoft\rewrite\rewrite-servlet\3.4.1.Final\rewrite-servlet-3.4.1.Final.jar;C:\Users\mayss\.m2\repository\org\ocpsoft\rewrite\rewrite-integration-faces\3.4.1.Final\rewrite-integration-faces-3.4.1.Final.jar;C:\Users\mayss\.m2\repository\org\primefaces\primefaces\6.1\primefaces-6.1.jar;C:\Users\mayss\.m2\repository\org\projectlombok\lombok\1.16.16\lombok-1.16.16.jar;C:\Users\mayss\.m2\repository\org\springframework\boot\spring-boot-starter-data-jpa\2.2.1.RELEASE\spring-boot-starter-data-jpa-2.2.1.RELEASE.jar;C:\Users\mayss\.m2\repository\org\springframework\boot\spring-boot-starter-aop\2.2.1.RELEASE\sprin
Launcher Type: SUN_STANDARD

Environment Variables:
JAVA_HOME=C:\Program Files\Java\jdk1.8.0_211
PATH=C:/Program Files/Java/jdk1.8.0_211/bin/../jre/bin/server;C:/Program Files/Java/jdk1.8.0_211/bin/../jre/bin;C:/Program Files/Java/jdk1.8.0_211/bin/../jre/lib/amd64;C:\oraclexe\app\oracle\product\10.2.0\server\bin;C:\Program Files (x86)\Intel\Intel(R) Management Engine Components\iCLS\;C:\Program Files\Intel\Intel(R) Management Engine Components\iCLS\;C:\WINDOWS\system32;C:\WINDOWS;C:\WINDOWS\System32\Wbem;C:\WINDOWS\System32\WindowsPowerShell\v1.0\;C:\WINDOWS\System32\OpenSSH\;C:\Program Files (x86)\Intel\Intel(R) Management Engine Components\DAL;C:\Program Files\Intel\Intel(R) Management Engine Components\DAL;C:\Program Files (x86)\Intel\Intel(R) Management Engine Components\IPT;C:\Program Files\Intel\Intel(R) Management Engine Components\IPT;C:\Program Files\Intel\WiFi\bin\;C:\Program Files\Common Files\Intel\WirelessCommon\;C:\wamp64\bin\php\php5.6.31;C:\WINDOWS\system32\config\systemprofile\.dnx\bin;C:\Program Files\Microsoft DNX\Dnvm\;C:\Program Files\Microsoft SQL Server\120\Tools\Binn\;C:\Program Files\Java\jdk1.8.0_211\bin;C:\Users\mayss\.dnx\bin;C:\Users\mayss\AppData\Local\Microsoft\WindowsApps;C:\Users\mayss\AppData\Local\JetBrains\PhpStorm 2019.2.1\bin;C:\Users\mayss\OneDrive\Bureau\logi\sts-bundle\sts-3.8.4.RELEASE;
USERNAME=mayss
OS=Windows_NT
PROCESSOR_IDENTIFIER=Intel64 Family 6 Model 142 Stepping 10, GenuineIntel



---------------  S Y S T E M  ---------------

OS: Windows 10.0 , 64 bit Build 18362 (10.0.18362.778)

CPU:total 8 (initial active 8) (4 cores per cpu, 2 threads per core) family 6 model 142 stepping 10, cmov, cx8, fxsr, mmx, sse, sse2, sse3, ssse3, sse4.1, sse4.2, popcnt, avx, avx2, aes, clmul, erms, 3dnowpref, lzcnt, ht, tsc, tscinvbit, bmi1, bmi2, adx

Memory: 4k page, physical 4058732k(296696k free), swap 16641644k(4404k free)

vm_info: Java HotSpot(TM) 64-Bit Server VM (25.211-b12) for windows-amd64 JRE (1.8.0_211-b12), built on Apr  1 2019 20:53:26 by "java_re" with MS VC++ 10.0 (VS2010)

time: Sun May 31 00:22:59 2020
timezone: Afr. centrale Ouest
elapsed time: 23 seconds (0d 0h 0m 23s)

