#
# There is insufficient memory for the Java Runtime Environment to continue.
# Native memory allocation (malloc) failed to allocate 38176 bytes for Chunk::new
# Possible reasons:
#   The system is out of physical RAM or swap space
#   The process is running with CompressedOops enabled, and the Java Heap may be blocking the growth of the native heap
# Possible solutions:
#   Reduce memory load on the system
#   Increase physical memory or swap space
#   Check if swap backing store is full
#   Decrease Java heap size (-Xmx/-Xms)
#   Decrease number of Java threads
#   Decrease Java thread stack sizes (-Xss)
#   Set larger code cache with -XX:ReservedCodeCacheSize=
#   JVM is running with Unscaled Compressed Oops mode in which the Java heap is
#     placed in the first 4GB address space. The Java Heap base address is the
#     maximum limit for the native heap growth. Please use -XX:HeapBaseMinAddress
#     to set the Java Heap base and to place the Java Heap above 4GB virtual address.
# This output file may be truncated or incomplete.
#
#  Out of Memory Error (allocation.cpp:389), pid=10220, tid=0x0000000000001e7c
#
# JRE version: Java(TM) SE Runtime Environment (8.0_211-b12) (build 1.8.0_211-b12)
# Java VM: Java HotSpot(TM) 64-Bit Server VM (25.211-b12 mixed mode windows-amd64 compressed oops)
# Failed to write core dump. Minidumps are not enabled by default on client versions of Windows
#

---------------  T H R E A D  ---------------

Current thread (0x0000000017123000):  JavaThread "C2 CompilerThread2" daemon [_thread_in_native, id=7804, stack(0x0000000017c10000,0x0000000017d10000)]

Stack: [0x0000000017c10000,0x0000000017d10000]
[error occurred during error reporting (printing stack bounds), id 0xc0000005]

Native frames: (J=compiled Java code, j=interpreted, Vv=VM code, C=native code)


Current CompileTask:
C2:38950921 10532       4       java.util.concurrent.ScheduledThreadPoolExecutor$DelayedWorkQueue::add (9 bytes)


---------------  P R O C E S S  ---------------

Java Threads: ( => current thread )
  0x000000001de1a000 JavaThread "HikariPool-1 connection adder" daemon [_thread_blocked, id=17200, stack(0x0000000000ae0000,0x0000000000be0000)]
  0x000000001de12800 JavaThread "HikariPool-1 connection closer" daemon [_thread_blocked, id=5264, stack(0x00000000009e0000,0x0000000000ae0000)]
  0x000000001de19000 JavaThread "DestroyJavaVM" [_thread_blocked, id=23200, stack(0x0000000002720000,0x0000000002820000)]
  0x000000001de18800 JavaThread "http-nio-8083-Acceptor" daemon [_thread_in_native, id=7424, stack(0x0000000025140000,0x0000000025240000)]
  0x000000001de11000 JavaThread "http-nio-8083-ClientPoller" daemon [_thread_in_native, id=17652, stack(0x0000000025040000,0x0000000025140000)]
  0x000000001de17800 JavaThread "http-nio-8083-exec-10" daemon [_thread_blocked, id=23116, stack(0x0000000024f40000,0x0000000025040000)]
  0x000000001de14800 JavaThread "http-nio-8083-exec-9" daemon [_thread_blocked, id=6424, stack(0x0000000024e40000,0x0000000024f40000)]
  0x000000001de17000 JavaThread "http-nio-8083-exec-8" daemon [_thread_blocked, id=2748, stack(0x0000000024d40000,0x0000000024e40000)]
  0x000000001de0f800 JavaThread "http-nio-8083-exec-7" daemon [_thread_blocked, id=18568, stack(0x0000000024c40000,0x0000000024d40000)]
  0x000000001de11800 JavaThread "http-nio-8083-exec-6" daemon [_thread_blocked, id=3120, stack(0x0000000024b40000,0x0000000024c40000)]
  0x000000001de15800 JavaThread "http-nio-8083-exec-5" daemon [_thread_blocked, id=19848, stack(0x0000000024a40000,0x0000000024b40000)]
  0x000000001de10000 JavaThread "http-nio-8083-exec-4" daemon [_thread_blocked, id=10636, stack(0x0000000023320000,0x0000000023420000)]
  0x000000001de16000 JavaThread "http-nio-8083-exec-3" daemon [_thread_blocked, id=19380, stack(0x0000000023220000,0x0000000023320000)]
  0x000000001859c800 JavaThread "http-nio-8083-exec-2" daemon [_thread_blocked, id=996, stack(0x0000000022f00000,0x0000000023000000)]
  0x000000001859c000 JavaThread "http-nio-8083-exec-1" daemon [_thread_blocked, id=12620, stack(0x0000000022e00000,0x0000000022f00000)]
  0x0000000018599800 JavaThread "http-nio-8083-BlockPoller" daemon [_thread_in_native, id=780, stack(0x0000000022d00000,0x0000000022e00000)]
  0x0000000018599000 JavaThread "container-0" [_thread_blocked, id=1480, stack(0x0000000022a00000,0x0000000022b00000)]
  0x0000000018598000 JavaThread "Catalina-utility-2" [_thread_in_Java, id=14432, stack(0x0000000022800000,0x0000000022900000)]
  0x000000001859b000 JavaThread "Catalina-utility-1" [_thread_in_Java, id=16604, stack(0x0000000020e20000,0x0000000020f20000)]
  0x000000001859d800 JavaThread "HikariPool-1 housekeeper" daemon [_thread_blocked, id=9576, stack(0x000000001d320000,0x000000001d420000)]
  0x0000000018597800 JavaThread "mysql-cj-abandoned-connection-cleanup" daemon [_thread_blocked, id=14456, stack(0x000000001c190000,0x000000001c290000)]
  0x00000000187e4000 JavaThread "RMI TCP Accept-0" daemon [_thread_in_native, id=21380, stack(0x0000000018c50000,0x0000000018d50000)]
  0x00000000187b9800 JavaThread "RMI TCP Accept-35505" daemon [_thread_in_native, id=22684, stack(0x0000000018b50000,0x0000000018c50000)]
  0x0000000018703800 JavaThread "RMI TCP Accept-0" daemon [_thread_in_native, id=17784, stack(0x0000000018a50000,0x0000000018b50000)]
  0x00000000171b8800 JavaThread "Service Thread" daemon [_thread_blocked, id=5428, stack(0x0000000017e10000,0x0000000017f10000)]
  0x0000000017126800 JavaThread "C1 CompilerThread3" daemon [_thread_blocked, id=10200, stack(0x0000000017d10000,0x0000000017e10000)]
=>0x0000000017123000 JavaThread "C2 CompilerThread2" daemon [_thread_in_native, id=7804, stack(0x0000000017c10000,0x0000000017d10000)]
  0x0000000017120000 JavaThread "C2 CompilerThread1" daemon [_thread_in_native, id=15928, stack(0x0000000017b10000,0x0000000017c10000)]
  0x000000001711a800 JavaThread "C2 CompilerThread0" daemon [_thread_in_native, id=8920, stack(0x0000000017a10000,0x0000000017b10000)]
  0x0000000017118800 JavaThread "Attach Listener" daemon [_thread_blocked, id=18056, stack(0x0000000017910000,0x0000000017a10000)]
  0x0000000017117800 JavaThread "Signal Dispatcher" daemon [_thread_blocked, id=18740, stack(0x0000000017810000,0x0000000017910000)]
  0x0000000017100800 JavaThread "Finalizer" daemon [_thread_blocked, id=17692, stack(0x00000000175e0000,0x00000000176e0000)]
  0x000000001530d000 JavaThread "Reference Handler" daemon [_thread_blocked, id=15580, stack(0x00000000174e0000,0x00000000175e0000)]

Other Threads:
  0x0000000015305800 VMThread [stack: 0x0000000016fe0000,0x00000000170e0000] [id=19700]
  0x00000000187e6800 WatcherThread [stack: 0x0000000018ec0000,0x0000000018fc0000] [id=10564]

VM state:not at safepoint (normal execution)

VM Mutex/Monitor currently owned by a thread: None

heap address: 0x00000000c2000000, size: 992 MB, Compressed Oops mode: 32-bit
Narrow klass base: 0x0000000000000000, Narrow klass shift: 3
Compressed class space size: 1073741824 Address: 0x0000000100000000

Heap:
 PSYoungGen      total 299008K, used 98947K [0x00000000eb580000, 0x0000000100000000, 0x0000000100000000)
  eden space 280064K, 28% used [0x00000000eb580000,0x00000000f03a7c40,0x00000000fc700000)
  from space 18944K, 99% used [0x00000000fc700000,0x00000000fd979330,0x00000000fd980000)
  to   space 24064K, 0% used [0x00000000fe880000,0x00000000fe880000,0x0000000100000000)
 ParOldGen       total 75264K, used 39153K [0x00000000c2000000, 0x00000000c6980000, 0x00000000eb580000)
  object space 75264K, 52% used [0x00000000c2000000,0x00000000c463c6d8,0x00000000c6980000)
 Metaspace       used 80142K, capacity 84120K, committed 84248K, reserved 1122304K
  class space    used 10569K, capacity 11230K, committed 11288K, reserved 1048576K

Card table byte_map: [0x0000000011ce0000,0x0000000011ee0000] byte_map_base: 0x00000000116d0000

Marking Bits: (ParMarkBitMap*) 0x0000000076f95ce0
 Begin Bits: [0x0000000012830000, 0x00000000137b0000)
 End Bits:   [0x00000000137b0000, 0x0000000014730000)

Polling page: 0x00000000008d0000

CodeCache: size=245760Kb used=29367Kb max_used=29409Kb free=216392Kb
 bounds [0x0000000002920000, 0x0000000004610000, 0x0000000011920000]
 total_blobs=9509 nmethods=8875 adapters=543
 compilation: enabled

Compilation events (10 events):
Event: 3017.780 Thread 0x0000000017126800 nmethod 10526 0x00000000036c06d0 code [0x00000000036c0820, 0x00000000036c09b0]
Event: 38950.822 Thread 0x000000001711a800 10527       4       java.util.concurrent.ThreadPoolExecutor::runStateAtLeast (11 bytes)
Event: 38950.822 Thread 0x0000000017123000 10528       4       java.util.concurrent.ThreadPoolExecutor$Worker::unlock (7 bytes)
Event: 38950.836 Thread 0x0000000017120000 10529   !   4       java.util.concurrent.ThreadPoolExecutor::getTask (179 bytes)
Event: 38950.884 Thread 0x000000001711a800 nmethod 10527 0x00000000040a2250 code [0x00000000040a2380, 0x00000000040a23d8]
Event: 38950.884 Thread 0x000000001711a800 10530       4       java.util.concurrent.ThreadPoolExecutor$Worker::lock (6 bytes)
Event: 38950.884 Thread 0x0000000017123000 nmethod 10528 0x0000000002c10950 code [0x0000000002c10aa0, 0x0000000002c10ba8]
Event: 38950.884 Thread 0x0000000017123000 10532       4       java.util.concurrent.ScheduledThreadPoolExecutor$DelayedWorkQueue::add (9 bytes)
Event: 38950.888 Thread 0x000000001711a800 nmethod 10530 0x000000000397b790 code [0x000000000397b8c0, 0x000000000397b978]
Event: 38950.888 Thread 0x000000001711a800 10533   !   4       java.util.concurrent.ScheduledThreadPoolExecutor$DelayedWorkQueue::offer (124 bytes)

GC Heap History (10 events):
Event: 10.666 GC heap before
{Heap before GC invocations=12 (full 2):
 PSYoungGen      total 152064K, used 140800K [0x00000000eb580000, 0x00000000f9980000, 0x0000000100000000)
  eden space 140800K, 100% used [0x00000000eb580000,0x00000000f3f00000,0x00000000f3f00000)
  from space 11264K, 0% used [0x00000000f3f00000,0x00000000f3f00000,0x00000000f4a00000)
  to   space 11264K, 0% used [0x00000000f8e80000,0x00000000f8e80000,0x00000000f9980000)
 ParOldGen       total 45568K, used 12006K [0x00000000c2000000, 0x00000000c4c80000, 0x00000000eb580000)
  object space 45568K, 26% used [0x00000000c2000000,0x00000000c2bb98f0,0x00000000c4c80000)
 Metaspace       used 41860K, capacity 43904K, committed 44200K, reserved 1087488K
  class space    used 5671K, capacity 6046K, committed 6056K, reserved 1048576K
Event: 10.680 GC heap after
Heap after GC invocations=12 (full 2):
 PSYoungGen      total 214016K, used 11216K [0x00000000eb580000, 0x00000000f9980000, 0x0000000100000000)
  eden space 202752K, 0% used [0x00000000eb580000,0x00000000eb580000,0x00000000f7b80000)
  from space 11264K, 99% used [0x00000000f8e80000,0x00000000f9974060,0x00000000f9980000)
  to   space 12800K, 0% used [0x00000000f8080000,0x00000000f8080000,0x00000000f8d00000)
 ParOldGen       total 45568K, used 12078K [0x00000000c2000000, 0x00000000c4c80000, 0x00000000eb580000)
  object space 45568K, 26% used [0x00000000c2000000,0x00000000c2bcb900,0x00000000c4c80000)
 Metaspace       used 41860K, capacity 43904K, committed 44200K, reserved 1087488K
  class space    used 5671K, capacity 6046K, committed 6056K, reserved 1048576K
}
Event: 13.011 GC heap before
{Heap before GC invocations=13 (full 2):
 PSYoungGen      total 214016K, used 207269K [0x00000000eb580000, 0x00000000f9980000, 0x0000000100000000)
  eden space 202752K, 96% used [0x00000000eb580000,0x00000000f74f5740,0x00000000f7b80000)
  from space 11264K, 99% used [0x00000000f8e80000,0x00000000f9974060,0x00000000f9980000)
  to   space 12800K, 0% used [0x00000000f8080000,0x00000000f8080000,0x00000000f8d00000)
 ParOldGen       total 45568K, used 12078K [0x00000000c2000000, 0x00000000c4c80000, 0x00000000eb580000)
  object space 45568K, 26% used [0x00000000c2000000,0x00000000c2bcb900,0x00000000c4c80000)
 Metaspace       used 56438K, capacity 59028K, committed 59160K, reserved 1099776K
  class space    used 7642K, capacity 8110K, committed 8216K, reserved 1048576K
Event: 13.034 GC heap after
Heap after GC invocations=13 (full 2):
 PSYoungGen      total 220672K, used 12797K [0x00000000eb580000, 0x00000000fef00000, 0x0000000100000000)
  eden space 207872K, 0% used [0x00000000eb580000,0x00000000eb580000,0x00000000f8080000)
  from space 12800K, 99% used [0x00000000f8080000,0x00000000f8cff480,0x00000000f8d00000)
  to   space 17408K, 0% used [0x00000000fde00000,0x00000000fde00000,0x00000000fef00000)
 ParOldGen       total 45568K, used 21231K [0x00000000c2000000, 0x00000000c4c80000, 0x00000000eb580000)
  object space 45568K, 46% used [0x00000000c2000000,0x00000000c34bbdc8,0x00000000c4c80000)
 Metaspace       used 56438K, capacity 59028K, committed 59160K, reserved 1099776K
  class space    used 7642K, capacity 8110K, committed 8216K, reserved 1048576K
}
Event: 13.034 GC heap before
{Heap before GC invocations=14 (full 3):
 PSYoungGen      total 220672K, used 12797K [0x00000000eb580000, 0x00000000fef00000, 0x0000000100000000)
  eden space 207872K, 0% used [0x00000000eb580000,0x00000000eb580000,0x00000000f8080000)
  from space 12800K, 99% used [0x00000000f8080000,0x00000000f8cff480,0x00000000f8d00000)
  to   space 17408K, 0% used [0x00000000fde00000,0x00000000fde00000,0x00000000fef00000)
 ParOldGen       total 45568K, used 21231K [0x00000000c2000000, 0x00000000c4c80000, 0x00000000eb580000)
  object space 45568K, 46% used [0x00000000c2000000,0x00000000c34bbdc8,0x00000000c4c80000)
 Metaspace       used 56438K, capacity 59028K, committed 59160K, reserved 1099776K
  class space    used 7642K, capacity 8110K, committed 8216K, reserved 1048576K
Event: 13.193 GC heap after
Heap after GC invocations=14 (full 3):
 PSYoungGen      total 220672K, used 0K [0x00000000eb580000, 0x00000000fef00000, 0x0000000100000000)
  eden space 207872K, 0% used [0x00000000eb580000,0x00000000eb580000,0x00000000f8080000)
  from space 12800K, 0% used [0x00000000f8080000,0x00000000f8080000,0x00000000f8d00000)
  to   space 17408K, 0% used [0x00000000fde00000,0x00000000fde00000,0x00000000fef00000)
 ParOldGen       total 75264K, used 32942K [0x00000000c2000000, 0x00000000c6980000, 0x00000000eb580000)
  object space 75264K, 43% used [0x00000000c2000000,0x00000000c402b8f8,0x00000000c6980000)
 Metaspace       used 56438K, capacity 59028K, committed 59160K, reserved 1099776K
  class space    used 7642K, capacity 8110K, committed 8216K, reserved 1048576K
}
Event: 15.886 GC heap before
{Heap before GC invocations=15 (full 3):
 PSYoungGen      total 220672K, used 207872K [0x00000000eb580000, 0x00000000fef00000, 0x0000000100000000)
  eden space 207872K, 100% used [0x00000000eb580000,0x00000000f8080000,0x00000000f8080000)
  from space 12800K, 0% used [0x00000000f8080000,0x00000000f8080000,0x00000000f8d00000)
  to   space 17408K, 0% used [0x00000000fde00000,0x00000000fde00000,0x00000000fef00000)
 ParOldGen       total 75264K, used 32942K [0x00000000c2000000, 0x00000000c6980000, 0x00000000eb580000)
  object space 75264K, 43% used [0x00000000c2000000,0x00000000c402b8f8,0x00000000c6980000)
 Metaspace       used 62612K, capacity 65506K, committed 65816K, reserved 1105920K
  class space    used 8451K, capacity 8941K, committed 8984K, reserved 1048576K
Event: 15.898 GC heap after
Heap after GC invocations=15 (full 3):
 PSYoungGen      total 294400K, used 14038K [0x00000000eb580000, 0x00000000fec00000, 0x0000000100000000)
  eden space 280064K, 0% used [0x00000000eb580000,0x00000000eb580000,0x00000000fc700000)
  from space 14336K, 97% used [0x00000000fde00000,0x00000000febb5b00,0x00000000fec00000)
  to   space 18944K, 0% used [0x00000000fc700000,0x00000000fc700000,0x00000000fd980000)
 ParOldGen       total 75264K, used 32950K [0x00000000c2000000, 0x00000000c6980000, 0x00000000eb580000)
  object space 75264K, 43% used [0x00000000c2000000,0x00000000c402d8f8,0x00000000c6980000)
 Metaspace       used 62612K, capacity 65506K, committed 65816K, reserved 1105920K
  class space    used 8451K, capacity 8941K, committed 8984K, reserved 1048576K
}
Event: 35.835 GC heap before
{Heap before GC invocations=16 (full 3):
 PSYoungGen      total 294400K, used 294102K [0x00000000eb580000, 0x00000000fec00000, 0x0000000100000000)
  eden space 280064K, 100% used [0x00000000eb580000,0x00000000fc700000,0x00000000fc700000)
  from space 14336K, 97% used [0x00000000fde00000,0x00000000febb5b00,0x00000000fec00000)
  to   space 18944K, 0% used [0x00000000fc700000,0x00000000fc700000,0x00000000fd980000)
 ParOldGen       total 75264K, used 32950K [0x00000000c2000000, 0x00000000c6980000, 0x00000000eb580000)
  object space 75264K, 43% used [0x00000000c2000000,0x00000000c402d8f8,0x00000000c6980000)
 Metaspace       used 76479K, capacity 80212K, committed 80280K, reserved 1118208K
  class space    used 10221K, capacity 10846K, committed 10904K, reserved 1048576K
Event: 35.870 GC heap after
Heap after GC invocations=16 (full 3):
 PSYoungGen      total 299008K, used 18916K [0x00000000eb580000, 0x0000000100000000, 0x0000000100000000)
  eden space 280064K, 0% used [0x00000000eb580000,0x00000000eb580000,0x00000000fc700000)
  from space 18944K, 99% used [0x00000000fc700000,0x00000000fd979330,0x00000000fd980000)
  to   space 24064K, 0% used [0x00000000fe880000,0x00000000fe880000,0x0000000100000000)
 ParOldGen       total 75264K, used 39153K [0x00000000c2000000, 0x00000000c6980000, 0x00000000eb580000)
  object space 75264K, 52% used [0x00000000c2000000,0x00000000c463c6d8,0x00000000c6980000)
 Metaspace       used 76479K, capacity 80212K, committed 80280K, reserved 1118208K
  class space    used 10221K, capacity 10846K, committed 10904K, reserved 1048576K
}

Deoptimization events (10 events):
Event: 40.507 Thread 0x000000001de11800 Uncommon trap: reason=unstable_if action=reinterpret pc=0x000000000371c968 method=com.sun.org.apache.xerces.internal.impl.io.UTF8Reader.read([CII)I @ 131
Event: 40.684 Thread 0x000000001de17000 Uncommon trap: reason=unstable_if action=reinterpret pc=0x00000000042674ac method=java.lang.CharacterDataLatin1.digit(II)I @ 60
Event: 40.704 Thread 0x000000001de17800 Uncommon trap: reason=unstable_if action=reinterpret pc=0x00000000033f2e18 method=java.util.concurrent.ConcurrentHashMap.sumCount()J @ 11
Event: 40.738 Thread 0x000000001de17000 Uncommon trap: reason=unstable_if action=reinterpret pc=0x0000000003f445e4 method=java.lang.CharacterDataLatin1.digit(II)I @ 60
Event: 40.765 Thread 0x000000001de17000 Uncommon trap: reason=unstable_if action=reinterpret pc=0x0000000003fdd614 method=java.util.Properties.load0(Ljava/util/Properties$LineReader;)V @ 56
Event: 40.769 Thread 0x000000001de17000 Uncommon trap: reason=unstable_if action=reinterpret pc=0x00000000038177dc method=java.util.Properties.load0(Ljava/util/Properties$LineReader;)V @ 56
Event: 42.299 Thread 0x000000001de0f800 Uncommon trap: reason=unstable_if action=reinterpret pc=0x0000000002a88a24 method=java.util.regex.Pattern$LastNode.match(Ljava/util/regex/Matcher;ILjava/lang/CharSequence;)Z @ 13
Event: 42.388 Thread 0x000000001de0f800 Uncommon trap: reason=bimorphic action=maybe_recompile pc=0x0000000003d3c780 method=com.mysql.cj.protocol.result.AbstractResultsetRow.getValueFromBytes(I[BIILcom/mysql/cj/result/ValueFactory;)Ljava/lang/Object; @ 10
Event: 42.388 Thread 0x000000001de0f800 Uncommon trap: reason=bimorphic action=maybe_recompile pc=0x0000000003d3c780 method=com.mysql.cj.protocol.result.AbstractResultsetRow.getValueFromBytes(I[BIILcom/mysql/cj/result/ValueFactory;)Ljava/lang/Object; @ 10
Event: 49.997 Thread 0x000000001de17000 Uncommon trap: reason=unstable_if action=reinterpret pc=0x0000000002a6c568 method=java.nio.Buffer.<init>(IIII)V @ 66

Classes redefined (0 events):
No events

Internal exceptions (10 events):
Event: 42.381 Thread 0x000000001de0f800 Exception <a 'java/lang/NoSuchMethodError': java.lang.Object.lambda$null$5(Ljava/util/function/BiFunction;Ljava/lang/Object;Ljava/lang/Object;)Ljava/lang/Object;> (0x00000000eef2fb30) thrown at [C:\re\workspace\8-2-build-windows-amd64-cygwin\jdk8u211\1297
Event: 42.409 Thread 0x000000001de0f800 Exception <a 'java/lang/ClassNotFoundException': tn/esprit/spring/entity/EvenementsBeanInfo> (0x00000000eef8bbb0) thrown at [C:\re\workspace\8-2-build-windows-amd64-cygwin\jdk8u211\12973\hotspot\src\share\vm\classfile\systemDictionary.cpp, line 210]
Event: 42.410 Thread 0x000000001de0f800 Exception <a 'java/lang/ClassNotFoundException': tn/esprit/spring/entity/EvenementsCustomizer> (0x00000000eefa3b00) thrown at [C:\re\workspace\8-2-build-windows-amd64-cygwin\jdk8u211\12973\hotspot\src\share\vm\classfile\systemDictionary.cpp, line 210]
Event: 42.419 Thread 0x000000001de0f800 Exception <a 'java/lang/ClassNotFoundException': tn/esprit/spring/entity/JardinBeanInfo> (0x00000000eefe38f8) thrown at [C:\re\workspace\8-2-build-windows-amd64-cygwin\jdk8u211\12973\hotspot\src\share\vm\classfile\systemDictionary.cpp, line 210]
Event: 42.421 Thread 0x000000001de0f800 Exception <a 'java/lang/ClassNotFoundException': tn/esprit/spring/entity/UserBeanInfo> (0x00000000eeff93b8) thrown at [C:\re\workspace\8-2-build-windows-amd64-cygwin\jdk8u211\12973\hotspot\src\share\vm\classfile\systemDictionary.cpp, line 210]
Event: 42.422 Thread 0x000000001de0f800 Exception <a 'java/lang/ClassNotFoundException': tn/esprit/spring/entity/UserCustomizer> (0x00000000ef00f508) thrown at [C:\re\workspace\8-2-build-windows-amd64-cygwin\jdk8u211\12973\hotspot\src\share\vm\classfile\systemDictionary.cpp, line 210]
Event: 42.430 Thread 0x000000001de0f800 Exception <a 'java/lang/ClassNotFoundException': tn/esprit/spring/entity/JardinCustomizer> (0x00000000ef0376d0) thrown at [C:\re\workspace\8-2-build-windows-amd64-cygwin\jdk8u211\12973\hotspot\src\share\vm\classfile\systemDictionary.cpp, line 210]
Event: 50.077 Thread 0x000000001de17000 Exception <a 'java/lang/NullPointerException'> (0x00000000eff6c490) thrown at [C:\re\workspace\8-2-build-windows-amd64-cygwin\jdk8u211\12973\hotspot\src\share\vm\interpreter\linkResolver.cpp, line 1185]
Event: 50.080 Thread 0x000000001de17000 Exception <a 'java/lang/reflect/InvocationTargetException'> (0x00000000eff7d618) thrown at [C:\re\workspace\8-2-build-windows-amd64-cygwin\jdk8u211\12973\hotspot\src\share\vm\runtime\reflection.cpp, line 1092]
Event: 3017.428 Thread 0x000000001859d800 Exception <a 'java/io/IOException'> (0x00000000ee8b88c8) thrown at [C:\re\workspace\8-2-build-windows-amd64-cygwin\jdk8u211\12973\hotspot\src\share\vm\prims\jni.cpp, line 710]

Events (10 events):
Event: 3017.649 Executing VM operation: RevokeBias
Event: 3017.649 Executing VM operation: RevokeBias done
Event: 3017.664 Thread 0x0000000017126800 flushing nmethod 0x0000000003891a10
Event: 3017.686 Thread 0x0000000017126800 flushing nmethod 0x0000000003b41e90
Event: 3017.689 Thread 0x0000000017126800 flushing nmethod 0x0000000003c06a10
Event: 3017.691 Thread 0x0000000017126800 flushing nmethod 0x0000000003ca2a90
Event: 3017.720 Thread 0x0000000017126800 flushing nmethod 0x0000000003efe350
Event: 3017.733 Thread 0x0000000017126800 flushing nmethod 0x00000000040b5210
Event: 3017.782 Executing VM operation: RevokeBias
Event: 3017.782 Executing VM operation: RevokeBias done


Dynamic libraries:
0x00007ff6758a0000 - 0x00007ff6758d7000 	C:\Program Files\Java\jdk1.8.0_211\bin\javaw.exe
0x00007ffeba200000 - 0x00007ffeba3f0000 	C:\WINDOWS\SYSTEM32\ntdll.dll
0x00007ffeb82b0000 - 0x00007ffeb8362000 	C:\WINDOWS\System32\KERNEL32.DLL
0x00007ffeb8000000 - 0x00007ffeb82a4000 	C:\WINDOWS\System32\KERNELBASE.dll
0x00007ffeb9c90000 - 0x00007ffeb9d33000 	C:\WINDOWS\System32\ADVAPI32.dll
0x00007ffeba0b0000 - 0x00007ffeba14e000 	C:\WINDOWS\System32\msvcrt.dll
0x00007ffeb8eb0000 - 0x00007ffeb8f47000 	C:\WINDOWS\System32\sechost.dll
0x00007ffeb9090000 - 0x00007ffeb91b0000 	C:\WINDOWS\System32\RPCRT4.dll
0x00007ffeb9ef0000 - 0x00007ffeba084000 	C:\WINDOWS\System32\USER32.dll
0x00007ffeb7440000 - 0x00007ffeb7461000 	C:\WINDOWS\System32\win32u.dll
0x00007ffeb8710000 - 0x00007ffeb8736000 	C:\WINDOWS\System32\GDI32.dll
0x00007ffeb7dc0000 - 0x00007ffeb7f54000 	C:\WINDOWS\System32\gdi32full.dll
0x00007ffeb7f60000 - 0x00007ffeb7ffe000 	C:\WINDOWS\System32\msvcp_win.dll
0x00007ffeb7cc0000 - 0x00007ffeb7dba000 	C:\WINDOWS\System32\ucrtbase.dll
0x00007ffe9d020000 - 0x00007ffe9d2a4000 	C:\WINDOWS\WinSxS\amd64_microsoft.windows.common-controls_6595b64144ccf1df_6.0.18362.836_none_e6c4b943130f18ed\COMCTL32.dll
0x00007ffeb83d0000 - 0x00007ffeb8706000 	C:\WINDOWS\System32\combase.dll
0x00007ffeb7190000 - 0x00007ffeb7210000 	C:\WINDOWS\System32\bcryptPrimitives.dll
0x00007ffeb9c60000 - 0x00007ffeb9c8e000 	C:\WINDOWS\System32\IMM32.DLL
0x0000000076010000 - 0x00000000760e2000 	C:\Program Files\Java\jdk1.8.0_211\jre\bin\msvcr100.dll
0x0000000076770000 - 0x0000000077015000 	C:\Program Files\Java\jdk1.8.0_211\jre\bin\server\jvm.dll
0x00007ffeb95d0000 - 0x00007ffeb95d8000 	C:\WINDOWS\System32\PSAPI.DLL
0x00007ffeb4a40000 - 0x00007ffeb4a64000 	C:\WINDOWS\SYSTEM32\WINMM.dll
0x00007ffea7570000 - 0x00007ffea7579000 	C:\WINDOWS\SYSTEM32\WSOCK32.dll
0x00007ffeaee60000 - 0x00007ffeaee6a000 	C:\WINDOWS\SYSTEM32\VERSION.dll
0x00007ffeb8f50000 - 0x00007ffeb8fbf000 	C:\WINDOWS\System32\WS2_32.dll
0x00007ffeb4a10000 - 0x00007ffeb4a3d000 	C:\WINDOWS\SYSTEM32\WINMMBASE.dll
0x00007ffeb7c70000 - 0x00007ffeb7cba000 	C:\WINDOWS\System32\cfgmgr32.dll
0x00007ffeb49d0000 - 0x00007ffeb49df000 	C:\Program Files\Java\jdk1.8.0_211\jre\bin\verify.dll
0x00007ffeaa0d0000 - 0x00007ffeaa0f9000 	C:\Program Files\Java\jdk1.8.0_211\jre\bin\java.dll
0x00007ffeb49b0000 - 0x00007ffeb49c6000 	C:\Program Files\Java\jdk1.8.0_211\jre\bin\zip.dll
0x00007ffeb8740000 - 0x00007ffeb8e24000 	C:\WINDOWS\System32\SHELL32.dll
0x00007ffeb9bb0000 - 0x00007ffeb9c59000 	C:\WINDOWS\System32\shcore.dll
0x00007ffeb74d0000 - 0x00007ffeb7c4e000 	C:\WINDOWS\System32\windows.storage.dll
0x00007ffeb7110000 - 0x00007ffeb7133000 	C:\WINDOWS\System32\profapi.dll
0x00007ffeb7140000 - 0x00007ffeb718a000 	C:\WINDOWS\System32\powrprof.dll
0x00007ffeb70c0000 - 0x00007ffeb70d0000 	C:\WINDOWS\System32\UMPDC.dll
0x00007ffeb8370000 - 0x00007ffeb83c2000 	C:\WINDOWS\System32\shlwapi.dll
0x00007ffeb70f0000 - 0x00007ffeb7101000 	C:\WINDOWS\System32\kernel.appcore.dll
0x00007ffeb7c50000 - 0x00007ffeb7c67000 	C:\WINDOWS\System32\cryptsp.dll
0x00007ffeb4930000 - 0x00007ffeb493d000 	C:\Program Files\Java\jdk1.8.0_211\jre\bin\management.dll
0x00007ffeb48c0000 - 0x00007ffeb48da000 	C:\Program Files\Java\jdk1.8.0_211\jre\bin\net.dll
0x00007ffea2590000 - 0x00007ffea2766000 	C:\WINDOWS\SYSTEM32\urlmon.dll
0x00007ffea1910000 - 0x00007ffea1bb6000 	C:\WINDOWS\SYSTEM32\iertutil.dll
0x00007ffeb6b00000 - 0x00007ffeb6b0c000 	C:\WINDOWS\SYSTEM32\CRYPTBASE.DLL
0x00007ffeb6930000 - 0x00007ffeb6997000 	C:\WINDOWS\system32\mswsock.dll
0x00007ffeaa0b0000 - 0x00007ffeaa0c2000 	C:\Program Files\Java\jdk1.8.0_211\jre\bin\nio.dll
0x00007ffea24f0000 - 0x00007ffea2506000 	C:\WINDOWS\system32\napinsp.dll
0x00007ffea24d0000 - 0x00007ffea24ea000 	C:\WINDOWS\system32\pnrpnsp.dll
0x00007ffe99c00000 - 0x00007ffe99c15000 	C:\WINDOWS\system32\wshbth.dll
0x00007ffeb48a0000 - 0x00007ffeb48bc000 	C:\WINDOWS\system32\NLAapi.dll
0x00007ffeb6640000 - 0x00007ffeb667a000 	C:\WINDOWS\SYSTEM32\IPHLPAPI.DLL
0x00007ffeb6690000 - 0x00007ffeb675b000 	C:\WINDOWS\SYSTEM32\DNSAPI.dll
0x00007ffeba150000 - 0x00007ffeba158000 	C:\WINDOWS\System32\NSI.dll
0x00007ffeb1740000 - 0x00007ffeb174e000 	C:\WINDOWS\System32\winrnr.dll
0x00007ffeafcd0000 - 0x00007ffeafcda000 	C:\Windows\System32\rasadhlp.dll
0x00007ffeaede0000 - 0x00007ffeaee57000 	C:\WINDOWS\System32\fwpuclnt.dll
0x00007ffeb7210000 - 0x00007ffeb7236000 	C:\WINDOWS\System32\bcrypt.dll
0x00007ffeb64a0000 - 0x00007ffeb64d3000 	C:\WINDOWS\system32\rsaenh.dll
0x00007ffeb6fe0000 - 0x00007ffeb7005000 	C:\WINDOWS\SYSTEM32\USERENV.dll
0x00007ffeafd20000 - 0x00007ffeafd36000 	C:\WINDOWS\SYSTEM32\dhcpcsvc6.DLL
0x00007ffeafd00000 - 0x00007ffeafd1c000 	C:\WINDOWS\SYSTEM32\dhcpcsvc.DLL
0x00007ffea97a0000 - 0x00007ffea97c4000 	C:\Program Files\Java\jdk1.8.0_211\jre\bin\sunec.dll

VM Arguments:
jvm_args: -Dcom.sun.management.jmxremote -Dcom.sun.management.jmxremote.port=35505 -Dcom.sun.management.jmxremote.authenticate=false -Dcom.sun.management.jmxremote.ssl=false -Djava.rmi.server.hostname=localhost -Dspring.liveBeansView.mbeanDomain -Dspring.application.admin.enabled=true -Dfile.encoding=UTF-8 
java_command: tn.esprit.spring.SpringPdevKindergartenApplication --spring.output.ansi.enabled=always
java_class_path (initial): C:\Users\mayss\Documents\workspace-sts-3.8.4.RELEASE\spring-pdev-Kindergarten\src\main\webapp\WEB-INF\classes;C:\Users\mayss\.m2\repository\org\apache\myfaces\core\myfaces-impl\2.2.12\myfaces-impl-2.2.12.jar;C:\Users\mayss\.m2\repository\commons-collections\commons-collections\3.2.2\commons-collections-3.2.2.jar;C:\Users\mayss\.m2\repository\commons-beanutils\commons-beanutils\1.9.2\commons-beanutils-1.9.2.jar;C:\Users\mayss\.m2\repository\commons-logging\commons-logging\1.1.1\commons-logging-1.1.1.jar;C:\Users\mayss\.m2\repository\commons-digester\commons-digester\1.8\commons-digester-1.8.jar;C:\Users\mayss\.m2\repository\org\apache\myfaces\core\myfaces-api\2.2.12\myfaces-api-2.2.12.jar;C:\Users\mayss\.m2\repository\org\apache\geronimo\specs\geronimo-atinject_1.0_spec\1.0\geronimo-atinject_1.0_spec-1.0.jar;C:\Users\mayss\.m2\repository\org\apache\tomcat\embed\tomcat-embed-jasper\9.0.27\tomcat-embed-jasper-9.0.27.jar;C:\Users\mayss\.m2\repository\org\apache\tomcat\embed\tomcat-embed-core\9.0.27\tomcat-embed-core-9.0.27.jar;C:\Users\mayss\.m2\repository\org\apache\tomcat\tomcat-annotations-api\9.0.27\tomcat-annotations-api-9.0.27.jar;C:\Users\mayss\.m2\repository\org\apache\tomcat\embed\tomcat-embed-el\9.0.27\tomcat-embed-el-9.0.27.jar;C:\Users\mayss\.m2\repository\org\eclipse\jdt\ecj\3.18.0\ecj-3.18.0.jar;C:\Users\mayss\.m2\repository\org\ocpsoft\rewrite\rewrite-servlet\3.4.1.Final\rewrite-servlet-3.4.1.Final.jar;C:\Users\mayss\.m2\repository\org\ocpsoft\rewrite\rewrite-integration-faces\3.4.1.Final\rewrite-integration-faces-3.4.1.Final.jar;C:\Users\mayss\.m2\repository\org\primefaces\primefaces\8.0\primefaces-8.0.jar;C:\Users\mayss\.m2\repository\org\projectlombok\lombok\1.16.16\lombok-1.16.16.jar;C:\Users\mayss\.m2\repository\org\springframework\boot\spring-boot-starter-data-jpa\2.2.1.RELEASE\spring-boot-starter-data-jpa-2.2.1.RELEASE.jar;C:\Users\mayss\.m2\repository\org\springframework\boot\spring-boot-starter-aop\2.2.1.RELEASE\sprin
Launcher Type: SUN_STANDARD

Environment Variables:
JAVA_HOME=C:\Program Files\Java\jdk1.8.0_211
PATH=C:/Program Files/Java/jdk1.8.0_211/bin/../jre/bin/server;C:/Program Files/Java/jdk1.8.0_211/bin/../jre/bin;C:/Program Files/Java/jdk1.8.0_211/bin/../jre/lib/amd64;C:\oraclexe\app\oracle\product\10.2.0\server\bin;C:\Program Files (x86)\Intel\Intel(R) Management Engine Components\iCLS\;C:\Program Files\Intel\Intel(R) Management Engine Components\iCLS\;C:\WINDOWS\system32;C:\WINDOWS;C:\WINDOWS\System32\Wbem;C:\WINDOWS\System32\WindowsPowerShell\v1.0\;C:\WINDOWS\System32\OpenSSH\;C:\Program Files (x86)\Intel\Intel(R) Management Engine Components\DAL;C:\Program Files\Intel\Intel(R) Management Engine Components\DAL;C:\Program Files (x86)\Intel\Intel(R) Management Engine Components\IPT;C:\Program Files\Intel\Intel(R) Management Engine Components\IPT;C:\Program Files\Intel\WiFi\bin\;C:\Program Files\Common Files\Intel\WirelessCommon\;C:\wamp64\bin\php\php5.6.31;C:\WINDOWS\system32\config\systemprofile\.dnx\bin;C:\Program Files\Microsoft DNX\Dnvm\;C:\Program Files\Microsoft SQL Server\120\Tools\Binn\;C:\Program Files\Java\jdk1.8.0_211\bin;C:\Users\mayss\.dnx\bin;C:\Users\mayss\AppData\Local\Microsoft\WindowsApps;C:\Users\mayss\AppData\Local\JetBrains\PhpStorm 2019.2.1\bin;C:\Users\mayss\OneDrive\Bureau\logi\sts-bundle\sts-3.8.4.RELEASE;
USERNAME=mayss
OS=Windows_NT
PROCESSOR_IDENTIFIER=Intel64 Family 6 Model 142 Stepping 10, GenuineIntel



---------------  S Y S T E M  ---------------

OS: Windows 10.0 , 64 bit Build 18362 (10.0.18362.778)

CPU:total 8 (initial active 8) (4 cores per cpu, 2 threads per core) family 6 model 142 stepping 10, cmov, cx8, fxsr, mmx, sse, sse2, sse3, ssse3, sse4.1, sse4.2, popcnt, avx, avx2, aes, clmul, erms, 3dnowpref, lzcnt, ht, tsc, tscinvbit, bmi1, bmi2, adx

Memory: 4k page, physical 4058732k(356972k free), swap 16641644k(40k free)

vm_info: Java HotSpot(TM) 64-Bit Server VM (25.211-b12) for windows-amd64 JRE (1.8.0_211-b12), built on Apr  1 2019 20:53:26 by "java_re" with MS VC++ 10.0 (VS2010)

time: Tue Jun 09 10:27:58 2020
timezone: Afr. centrale Ouest
elapsed time: 38950 seconds (0d 10h 49m 10s)

